
AVRASM ver. 2.1.30  F:\College\Terms\Term8\Embedded Systems\Labs\Lab3\FinalProject\Debug\List\dtmf.asm Sun May 22 12:23:02 2022

F:\College\Terms\Term8\Embedded Systems\Labs\Lab3\FinalProject\Debug\List\dtmf.asm(1088): warning: Register r5 already defined by the .DEF directive
F:\College\Terms\Term8\Embedded Systems\Labs\Lab3\FinalProject\Debug\List\dtmf.asm(1089): warning: Register r4 already defined by the .DEF directive
F:\College\Terms\Term8\Embedded Systems\Labs\Lab3\FinalProject\Debug\List\dtmf.asm(1090): warning: Register r7 already defined by the .DEF directive
                 
                 
                 ;CodeVisionAVR C Compiler V3.14 Advanced
                 ;(C) Copyright 1998-2014 Pavel Haiduc, HP InfoTech s.r.l.
                 ;http://www.hpinfotech.com
                 
                 ;Build configuration    : Debug
                 ;Chip type              : ATmega16A
                 ;Program type           : Application
                 ;Clock frequency        : 12.000000 MHz
                 ;Memory model           : Small
                 ;Optimize for           : Size
                 ;(s)printf features     : int, width
                 ;(s)scanf features      : int, width
                 ;External RAM size      : 0
                 ;Data Stack size        : 256 byte(s)
                 ;Heap size              : 0 byte(s)
                 ;Promote 'char' to 'int': Yes
                 ;'char' is unsigned     : Yes
                 ;8 bit enums            : Yes
                 ;Global 'const' stored in FLASH: Yes
                 ;Enhanced function parameter passing: Yes
                 ;Enhanced core instructions: On
                 ;Automatic register allocation for global variables: On
                 ;Smart register allocation: On
                 
                 	#define _MODEL_SMALL_
                 
                 	#pragma AVRPART ADMIN PART_NAME ATmega16A
                 	#pragma AVRPART MEMORY PROG_FLASH 16384
                 	#pragma AVRPART MEMORY EEPROM 512
                 	#pragma AVRPART MEMORY INT_SRAM SIZE 1024
                 	#pragma AVRPART MEMORY INT_SRAM START_ADDR 0x60
                 
                 	#define CALL_SUPPORTED 1
                 
                 	.LISTMAC
                 	.EQU UDRE=0x5
                 	.EQU RXC=0x7
                 	.EQU USR=0xB
                 	.EQU UDR=0xC
                 	.EQU SPSR=0xE
                 	.EQU SPDR=0xF
                 	.EQU EERE=0x0
                 	.EQU EEWE=0x1
                 	.EQU EEMWE=0x2
                 	.EQU EECR=0x1C
                 	.EQU EEDR=0x1D
                 	.EQU EEARL=0x1E
                 	.EQU EEARH=0x1F
                 	.EQU WDTCR=0x21
                 	.EQU MCUCR=0x35
                 	.EQU GICR=0x3B
                 	.EQU SPL=0x3D
                 	.EQU SPH=0x3E
                 	.EQU SREG=0x3F
                 
                 	.DEF R0X0=R0
                 	.DEF R0X1=R1
                 	.DEF R0X2=R2
                 	.DEF R0X3=R3
                 	.DEF R0X4=R4
                 	.DEF R0X5=R5
                 	.DEF R0X6=R6
                 	.DEF R0X7=R7
                 	.DEF R0X8=R8
                 	.DEF R0X9=R9
                 	.DEF R0XA=R10
                 	.DEF R0XB=R11
                 	.DEF R0XC=R12
                 	.DEF R0XD=R13
                 	.DEF R0XE=R14
                 	.DEF R0XF=R15
                 	.DEF R0X10=R16
                 	.DEF R0X11=R17
                 	.DEF R0X12=R18
                 	.DEF R0X13=R19
                 	.DEF R0X14=R20
                 	.DEF R0X15=R21
                 	.DEF R0X16=R22
                 	.DEF R0X17=R23
                 	.DEF R0X18=R24
                 	.DEF R0X19=R25
                 	.DEF R0X1A=R26
                 	.DEF R0X1B=R27
                 	.DEF R0X1C=R28
                 	.DEF R0X1D=R29
                 	.DEF R0X1E=R30
                 	.DEF R0X1F=R31
                 
                 	.EQU __SRAM_START=0x0060
                 	.EQU __SRAM_END=0x045F
                 	.EQU __DSTACK_SIZE=0x0100
                 	.EQU __HEAP_SIZE=0x0000
                 	.EQU __CLEAR_SRAM_SIZE=__SRAM_END-__SRAM_START+1
                 
                 	.MACRO __CPD1N
                 	CPI  R30,LOW(@0)
                 	LDI  R26,HIGH(@0)
                 	CPC  R31,R26
                 	LDI  R26,BYTE3(@0)
                 	CPC  R22,R26
                 	LDI  R26,BYTE4(@0)
                 	CPC  R23,R26
                 	.ENDM
                 
                 	.MACRO __CPD2N
                 	CPI  R26,LOW(@0)
                 	LDI  R30,HIGH(@0)
                 	CPC  R27,R30
                 	LDI  R30,BYTE3(@0)
                 	CPC  R24,R30
                 	LDI  R30,BYTE4(@0)
                 	CPC  R25,R30
                 	.ENDM
                 
                 	.MACRO __CPWRR
                 	CP   R@0,R@2
                 	CPC  R@1,R@3
                 	.ENDM
                 
                 	.MACRO __CPWRN
                 	CPI  R@0,LOW(@2)
                 	LDI  R30,HIGH(@2)
                 	CPC  R@1,R30
                 	.ENDM
                 
                 	.MACRO __ADDB1MN
                 	SUBI R30,LOW(-@0-(@1))
                 	.ENDM
                 
                 	.MACRO __ADDB2MN
                 	SUBI R26,LOW(-@0-(@1))
                 	.ENDM
                 
                 	.MACRO __ADDW1MN
                 	SUBI R30,LOW(-@0-(@1))
                 	SBCI R31,HIGH(-@0-(@1))
                 	.ENDM
                 
                 	.MACRO __ADDW2MN
                 	SUBI R26,LOW(-@0-(@1))
                 	SBCI R27,HIGH(-@0-(@1))
                 	.ENDM
                 
                 	.MACRO __ADDW1FN
                 	SUBI R30,LOW(-2*@0-(@1))
                 	SBCI R31,HIGH(-2*@0-(@1))
                 	.ENDM
                 
                 	.MACRO __ADDD1FN
                 	SUBI R30,LOW(-2*@0-(@1))
                 	SBCI R31,HIGH(-2*@0-(@1))
                 	SBCI R22,BYTE3(-2*@0-(@1))
                 	.ENDM
                 
                 	.MACRO __ADDD1N
                 	SUBI R30,LOW(-@0)
                 	SBCI R31,HIGH(-@0)
                 	SBCI R22,BYTE3(-@0)
                 	SBCI R23,BYTE4(-@0)
                 	.ENDM
                 
                 	.MACRO __ADDD2N
                 	SUBI R26,LOW(-@0)
                 	SBCI R27,HIGH(-@0)
                 	SBCI R24,BYTE3(-@0)
                 	SBCI R25,BYTE4(-@0)
                 	.ENDM
                 
                 	.MACRO __SUBD1N
                 	SUBI R30,LOW(@0)
                 	SBCI R31,HIGH(@0)
                 	SBCI R22,BYTE3(@0)
                 	SBCI R23,BYTE4(@0)
                 	.ENDM
                 
                 	.MACRO __SUBD2N
                 	SUBI R26,LOW(@0)
                 	SBCI R27,HIGH(@0)
                 	SBCI R24,BYTE3(@0)
                 	SBCI R25,BYTE4(@0)
                 	.ENDM
                 
                 	.MACRO __ANDBMNN
                 	LDS  R30,@0+(@1)
                 	ANDI R30,LOW(@2)
                 	STS  @0+(@1),R30
                 	.ENDM
                 
                 	.MACRO __ANDWMNN
                 	LDS  R30,@0+(@1)
                 	ANDI R30,LOW(@2)
                 	STS  @0+(@1),R30
                 	LDS  R30,@0+(@1)+1
                 	ANDI R30,HIGH(@2)
                 	STS  @0+(@1)+1,R30
                 	.ENDM
                 
                 	.MACRO __ANDD1N
                 	ANDI R30,LOW(@0)
                 	ANDI R31,HIGH(@0)
                 	ANDI R22,BYTE3(@0)
                 	ANDI R23,BYTE4(@0)
                 	.ENDM
                 
                 	.MACRO __ANDD2N
                 	ANDI R26,LOW(@0)
                 	ANDI R27,HIGH(@0)
                 	ANDI R24,BYTE3(@0)
                 	ANDI R25,BYTE4(@0)
                 	.ENDM
                 
                 	.MACRO __ORBMNN
                 	LDS  R30,@0+(@1)
                 	ORI  R30,LOW(@2)
                 	STS  @0+(@1),R30
                 	.ENDM
                 
                 	.MACRO __ORWMNN
                 	LDS  R30,@0+(@1)
                 	ORI  R30,LOW(@2)
                 	STS  @0+(@1),R30
                 	LDS  R30,@0+(@1)+1
                 	ORI  R30,HIGH(@2)
                 	STS  @0+(@1)+1,R30
                 	.ENDM
                 
                 	.MACRO __ORD1N
                 	ORI  R30,LOW(@0)
                 	ORI  R31,HIGH(@0)
                 	ORI  R22,BYTE3(@0)
                 	ORI  R23,BYTE4(@0)
                 	.ENDM
                 
                 	.MACRO __ORD2N
                 	ORI  R26,LOW(@0)
                 	ORI  R27,HIGH(@0)
                 	ORI  R24,BYTE3(@0)
                 	ORI  R25,BYTE4(@0)
                 	.ENDM
                 
                 	.MACRO __DELAY_USB
                 	LDI  R24,LOW(@0)
                 __DELAY_USB_LOOP:
                 	DEC  R24
                 	BRNE __DELAY_USB_LOOP
                 	.ENDM
                 
                 	.MACRO __DELAY_USW
                 	LDI  R24,LOW(@0)
                 	LDI  R25,HIGH(@0)
                 __DELAY_USW_LOOP:
                 	SBIW R24,1
                 	BRNE __DELAY_USW_LOOP
                 	.ENDM
                 
                 	.MACRO __GETD1S
                 	LDD  R30,Y+@0
                 	LDD  R31,Y+@0+1
                 	LDD  R22,Y+@0+2
                 	LDD  R23,Y+@0+3
                 	.ENDM
                 
                 	.MACRO __GETD2S
                 	LDD  R26,Y+@0
                 	LDD  R27,Y+@0+1
                 	LDD  R24,Y+@0+2
                 	LDD  R25,Y+@0+3
                 	.ENDM
                 
                 	.MACRO __PUTD1S
                 	STD  Y+@0,R30
                 	STD  Y+@0+1,R31
                 	STD  Y+@0+2,R22
                 	STD  Y+@0+3,R23
                 	.ENDM
                 
                 	.MACRO __PUTD2S
                 	STD  Y+@0,R26
                 	STD  Y+@0+1,R27
                 	STD  Y+@0+2,R24
                 	STD  Y+@0+3,R25
                 	.ENDM
                 
                 	.MACRO __PUTDZ2
                 	STD  Z+@0,R26
                 	STD  Z+@0+1,R27
                 	STD  Z+@0+2,R24
                 	STD  Z+@0+3,R25
                 	.ENDM
                 
                 	.MACRO __CLRD1S
                 	STD  Y+@0,R30
                 	STD  Y+@0+1,R30
                 	STD  Y+@0+2,R30
                 	STD  Y+@0+3,R30
                 	.ENDM
                 
                 	.MACRO __POINTB1MN
                 	LDI  R30,LOW(@0+(@1))
                 	.ENDM
                 
                 	.MACRO __POINTW1MN
                 	LDI  R30,LOW(@0+(@1))
                 	LDI  R31,HIGH(@0+(@1))
                 	.ENDM
                 
                 	.MACRO __POINTD1M
                 	LDI  R30,LOW(@0)
                 	LDI  R31,HIGH(@0)
                 	LDI  R22,BYTE3(@0)
                 	LDI  R23,BYTE4(@0)
                 	.ENDM
                 
                 	.MACRO __POINTW1FN
                 	LDI  R30,LOW(2*@0+(@1))
                 	LDI  R31,HIGH(2*@0+(@1))
                 	.ENDM
                 
                 	.MACRO __POINTD1FN
                 	LDI  R30,LOW(2*@0+(@1))
                 	LDI  R31,HIGH(2*@0+(@1))
                 	LDI  R22,BYTE3(2*@0+(@1))
                 	LDI  R23,BYTE4(2*@0+(@1))
                 	.ENDM
                 
                 	.MACRO __POINTB2MN
                 	LDI  R26,LOW(@0+(@1))
                 	.ENDM
                 
                 	.MACRO __POINTW2MN
                 	LDI  R26,LOW(@0+(@1))
                 	LDI  R27,HIGH(@0+(@1))
                 	.ENDM
                 
                 	.MACRO __POINTW2FN
                 	LDI  R26,LOW(2*@0+(@1))
                 	LDI  R27,HIGH(2*@0+(@1))
                 	.ENDM
                 
                 	.MACRO __POINTD2FN
                 	LDI  R26,LOW(2*@0+(@1))
                 	LDI  R27,HIGH(2*@0+(@1))
                 	LDI  R24,BYTE3(2*@0+(@1))
                 	LDI  R25,BYTE4(2*@0+(@1))
                 	.ENDM
                 
                 	.MACRO __POINTBRM
                 	LDI  R@0,LOW(@1)
                 	.ENDM
                 
                 	.MACRO __POINTWRM
                 	LDI  R@0,LOW(@2)
                 	LDI  R@1,HIGH(@2)
                 	.ENDM
                 
                 	.MACRO __POINTBRMN
                 	LDI  R@0,LOW(@1+(@2))
                 	.ENDM
                 
                 	.MACRO __POINTWRMN
                 	LDI  R@0,LOW(@2+(@3))
                 	LDI  R@1,HIGH(@2+(@3))
                 	.ENDM
                 
                 	.MACRO __POINTWRFN
                 	LDI  R@0,LOW(@2*2+(@3))
                 	LDI  R@1,HIGH(@2*2+(@3))
                 	.ENDM
                 
                 	.MACRO __GETD1N
                 	LDI  R30,LOW(@0)
                 	LDI  R31,HIGH(@0)
                 	LDI  R22,BYTE3(@0)
                 	LDI  R23,BYTE4(@0)
                 	.ENDM
                 
                 	.MACRO __GETD2N
                 	LDI  R26,LOW(@0)
                 	LDI  R27,HIGH(@0)
                 	LDI  R24,BYTE3(@0)
                 	LDI  R25,BYTE4(@0)
                 	.ENDM
                 
                 	.MACRO __GETB1MN
                 	LDS  R30,@0+(@1)
                 	.ENDM
                 
                 	.MACRO __GETB1HMN
                 	LDS  R31,@0+(@1)
                 	.ENDM
                 
                 	.MACRO __GETW1MN
                 	LDS  R30,@0+(@1)
                 	LDS  R31,@0+(@1)+1
                 	.ENDM
                 
                 	.MACRO __GETD1MN
                 	LDS  R30,@0+(@1)
                 	LDS  R31,@0+(@1)+1
                 	LDS  R22,@0+(@1)+2
                 	LDS  R23,@0+(@1)+3
                 	.ENDM
                 
                 	.MACRO __GETBRMN
                 	LDS  R@0,@1+(@2)
                 	.ENDM
                 
                 	.MACRO __GETWRMN
                 	LDS  R@0,@2+(@3)
                 	LDS  R@1,@2+(@3)+1
                 	.ENDM
                 
                 	.MACRO __GETWRZ
                 	LDD  R@0,Z+@2
                 	LDD  R@1,Z+@2+1
                 	.ENDM
                 
                 	.MACRO __GETD2Z
                 	LDD  R26,Z+@0
                 	LDD  R27,Z+@0+1
                 	LDD  R24,Z+@0+2
                 	LDD  R25,Z+@0+3
                 	.ENDM
                 
                 	.MACRO __GETB2MN
                 	LDS  R26,@0+(@1)
                 	.ENDM
                 
                 	.MACRO __GETW2MN
                 	LDS  R26,@0+(@1)
                 	LDS  R27,@0+(@1)+1
                 	.ENDM
                 
                 	.MACRO __GETD2MN
                 	LDS  R26,@0+(@1)
                 	LDS  R27,@0+(@1)+1
                 	LDS  R24,@0+(@1)+2
                 	LDS  R25,@0+(@1)+3
                 	.ENDM
                 
                 	.MACRO __PUTB1MN
                 	STS  @0+(@1),R30
                 	.ENDM
                 
                 	.MACRO __PUTW1MN
                 	STS  @0+(@1),R30
                 	STS  @0+(@1)+1,R31
                 	.ENDM
                 
                 	.MACRO __PUTD1MN
                 	STS  @0+(@1),R30
                 	STS  @0+(@1)+1,R31
                 	STS  @0+(@1)+2,R22
                 	STS  @0+(@1)+3,R23
                 	.ENDM
                 
                 	.MACRO __PUTB1EN
                 	LDI  R26,LOW(@0+(@1))
                 	LDI  R27,HIGH(@0+(@1))
                 	CALL __EEPROMWRB
                 	.ENDM
                 
                 	.MACRO __PUTW1EN
                 	LDI  R26,LOW(@0+(@1))
                 	LDI  R27,HIGH(@0+(@1))
                 	CALL __EEPROMWRW
                 	.ENDM
                 
                 	.MACRO __PUTD1EN
                 	LDI  R26,LOW(@0+(@1))
                 	LDI  R27,HIGH(@0+(@1))
                 	CALL __EEPROMWRD
                 	.ENDM
                 
                 	.MACRO __PUTBR0MN
                 	STS  @0+(@1),R0
                 	.ENDM
                 
                 	.MACRO __PUTBMRN
                 	STS  @0+(@1),R@2
                 	.ENDM
                 
                 	.MACRO __PUTWMRN
                 	STS  @0+(@1),R@2
                 	STS  @0+(@1)+1,R@3
                 	.ENDM
                 
                 	.MACRO __PUTBZR
                 	STD  Z+@1,R@0
                 	.ENDM
                 
                 	.MACRO __PUTWZR
                 	STD  Z+@2,R@0
                 	STD  Z+@2+1,R@1
                 	.ENDM
                 
                 	.MACRO __GETW1R
                 	MOV  R30,R@0
                 	MOV  R31,R@1
                 	.ENDM
                 
                 	.MACRO __GETW2R
                 	MOV  R26,R@0
                 	MOV  R27,R@1
                 	.ENDM
                 
                 	.MACRO __GETWRN
                 	LDI  R@0,LOW(@2)
                 	LDI  R@1,HIGH(@2)
                 	.ENDM
                 
                 	.MACRO __PUTW1R
                 	MOV  R@0,R30
                 	MOV  R@1,R31
                 	.ENDM
                 
                 	.MACRO __PUTW2R
                 	MOV  R@0,R26
                 	MOV  R@1,R27
                 	.ENDM
                 
                 	.MACRO __ADDWRN
                 	SUBI R@0,LOW(-@2)
                 	SBCI R@1,HIGH(-@2)
                 	.ENDM
                 
                 	.MACRO __ADDWRR
                 	ADD  R@0,R@2
                 	ADC  R@1,R@3
                 	.ENDM
                 
                 	.MACRO __SUBWRN
                 	SUBI R@0,LOW(@2)
                 	SBCI R@1,HIGH(@2)
                 	.ENDM
                 
                 	.MACRO __SUBWRR
                 	SUB  R@0,R@2
                 	SBC  R@1,R@3
                 	.ENDM
                 
                 	.MACRO __ANDWRN
                 	ANDI R@0,LOW(@2)
                 	ANDI R@1,HIGH(@2)
                 	.ENDM
                 
                 	.MACRO __ANDWRR
                 	AND  R@0,R@2
                 	AND  R@1,R@3
                 	.ENDM
                 
                 	.MACRO __ORWRN
                 	ORI  R@0,LOW(@2)
                 	ORI  R@1,HIGH(@2)
                 	.ENDM
                 
                 	.MACRO __ORWRR
                 	OR   R@0,R@2
                 	OR   R@1,R@3
                 	.ENDM
                 
                 	.MACRO __EORWRR
                 	EOR  R@0,R@2
                 	EOR  R@1,R@3
                 	.ENDM
                 
                 	.MACRO __GETWRS
                 	LDD  R@0,Y+@2
                 	LDD  R@1,Y+@2+1
                 	.ENDM
                 
                 	.MACRO __PUTBSR
                 	STD  Y+@1,R@0
                 	.ENDM
                 
                 	.MACRO __PUTWSR
                 	STD  Y+@2,R@0
                 	STD  Y+@2+1,R@1
                 	.ENDM
                 
                 	.MACRO __MOVEWRR
                 	MOV  R@0,R@2
                 	MOV  R@1,R@3
                 	.ENDM
                 
                 	.MACRO __INWR
                 	IN   R@0,@2
                 	IN   R@1,@2+1
                 	.ENDM
                 
                 	.MACRO __OUTWR
                 	OUT  @2+1,R@1
                 	OUT  @2,R@0
                 	.ENDM
                 
                 	.MACRO __CALL1MN
                 	LDS  R30,@0+(@1)
                 	LDS  R31,@0+(@1)+1
                 	ICALL
                 	.ENDM
                 
                 	.MACRO __CALL1FN
                 	LDI  R30,LOW(2*@0+(@1))
                 	LDI  R31,HIGH(2*@0+(@1))
                 	CALL __GETW1PF
                 	ICALL
                 	.ENDM
                 
                 	.MACRO __CALL2EN
                 	PUSH R26
                 	PUSH R27
                 	LDI  R26,LOW(@0+(@1))
                 	LDI  R27,HIGH(@0+(@1))
                 	CALL __EEPROMRDW
                 	POP  R27
                 	POP  R26
                 	ICALL
                 	.ENDM
                 
                 	.MACRO __CALL2EX
                 	SUBI R26,LOW(-@0)
                 	SBCI R27,HIGH(-@0)
                 	CALL __EEPROMRDD
                 	ICALL
                 	.ENDM
                 
                 	.MACRO __GETW1STACK
                 	IN   R30,SPL
                 	IN   R31,SPH
                 	ADIW R30,@0+1
                 	LD   R0,Z+
                 	LD   R31,Z
                 	MOV  R30,R0
                 	.ENDM
                 
                 	.MACRO __GETD1STACK
                 	IN   R30,SPL
                 	IN   R31,SPH
                 	ADIW R30,@0+1
                 	LD   R0,Z+
                 	LD   R1,Z+
                 	LD   R22,Z
                 	MOVW R30,R0
                 	.ENDM
                 
                 	.MACRO __NBST
                 	BST  R@0,@1
                 	IN   R30,SREG
                 	LDI  R31,0x40
                 	EOR  R30,R31
                 	OUT  SREG,R30
                 	.ENDM
                 
                 
                 	.MACRO __PUTB1SN
                 	LDD  R26,Y+@0
                 	LDD  R27,Y+@0+1
                 	SUBI R26,LOW(-@1)
                 	SBCI R27,HIGH(-@1)
                 	ST   X,R30
                 	.ENDM
                 
                 	.MACRO __PUTW1SN
                 	LDD  R26,Y+@0
                 	LDD  R27,Y+@0+1
                 	SUBI R26,LOW(-@1)
                 	SBCI R27,HIGH(-@1)
                 	ST   X+,R30
                 	ST   X,R31
                 	.ENDM
                 
                 	.MACRO __PUTD1SN
                 	LDD  R26,Y+@0
                 	LDD  R27,Y+@0+1
                 	SUBI R26,LOW(-@1)
                 	SBCI R27,HIGH(-@1)
                 	CALL __PUTDP1
                 	.ENDM
                 
                 	.MACRO __PUTB1SNS
                 	LDD  R26,Y+@0
                 	LDD  R27,Y+@0+1
                 	ADIW R26,@1
                 	ST   X,R30
                 	.ENDM
                 
                 	.MACRO __PUTW1SNS
                 	LDD  R26,Y+@0
                 	LDD  R27,Y+@0+1
                 	ADIW R26,@1
                 	ST   X+,R30
                 	ST   X,R31
                 	.ENDM
                 
                 	.MACRO __PUTD1SNS
                 	LDD  R26,Y+@0
                 	LDD  R27,Y+@0+1
                 	ADIW R26,@1
                 	CALL __PUTDP1
                 	.ENDM
                 
                 	.MACRO __PUTB1PMN
                 	LDS  R26,@0
                 	LDS  R27,@0+1
                 	SUBI R26,LOW(-@1)
                 	SBCI R27,HIGH(-@1)
                 	ST   X,R30
                 	.ENDM
                 
                 	.MACRO __PUTW1PMN
                 	LDS  R26,@0
                 	LDS  R27,@0+1
                 	SUBI R26,LOW(-@1)
                 	SBCI R27,HIGH(-@1)
                 	ST   X+,R30
                 	ST   X,R31
                 	.ENDM
                 
                 	.MACRO __PUTD1PMN
                 	LDS  R26,@0
                 	LDS  R27,@0+1
                 	SUBI R26,LOW(-@1)
                 	SBCI R27,HIGH(-@1)
                 	CALL __PUTDP1
                 	.ENDM
                 
                 	.MACRO __PUTB1PMNS
                 	LDS  R26,@0
                 	LDS  R27,@0+1
                 	ADIW R26,@1
                 	ST   X,R30
                 	.ENDM
                 
                 	.MACRO __PUTW1PMNS
                 	LDS  R26,@0
                 	LDS  R27,@0+1
                 	ADIW R26,@1
                 	ST   X+,R30
                 	ST   X,R31
                 	.ENDM
                 
                 	.MACRO __PUTD1PMNS
                 	LDS  R26,@0
                 	LDS  R27,@0+1
                 	ADIW R26,@1
                 	CALL __PUTDP1
                 	.ENDM
                 
                 	.MACRO __PUTB1RN
                 	MOVW R26,R@0
                 	SUBI R26,LOW(-@1)
                 	SBCI R27,HIGH(-@1)
                 	ST   X,R30
                 	.ENDM
                 
                 	.MACRO __PUTW1RN
                 	MOVW R26,R@0
                 	SUBI R26,LOW(-@1)
                 	SBCI R27,HIGH(-@1)
                 	ST   X+,R30
                 	ST   X,R31
                 	.ENDM
                 
                 	.MACRO __PUTD1RN
                 	MOVW R26,R@0
                 	SUBI R26,LOW(-@1)
                 	SBCI R27,HIGH(-@1)
                 	CALL __PUTDP1
                 	.ENDM
                 
                 	.MACRO __PUTB1RNS
                 	MOVW R26,R@0
                 	ADIW R26,@1
                 	ST   X,R30
                 	.ENDM
                 
                 	.MACRO __PUTW1RNS
                 	MOVW R26,R@0
                 	ADIW R26,@1
                 	ST   X+,R30
                 	ST   X,R31
                 	.ENDM
                 
                 	.MACRO __PUTD1RNS
                 	MOVW R26,R@0
                 	ADIW R26,@1
                 	CALL __PUTDP1
                 	.ENDM
                 
                 	.MACRO __PUTB1RON
                 	MOV  R26,R@0
                 	MOV  R27,R@1
                 	SUBI R26,LOW(-@2)
                 	SBCI R27,HIGH(-@2)
                 	ST   X,R30
                 	.ENDM
                 
                 	.MACRO __PUTW1RON
                 	MOV  R26,R@0
                 	MOV  R27,R@1
                 	SUBI R26,LOW(-@2)
                 	SBCI R27,HIGH(-@2)
                 	ST   X+,R30
                 	ST   X,R31
                 	.ENDM
                 
                 	.MACRO __PUTD1RON
                 	MOV  R26,R@0
                 	MOV  R27,R@1
                 	SUBI R26,LOW(-@2)
                 	SBCI R27,HIGH(-@2)
                 	CALL __PUTDP1
                 	.ENDM
                 
                 	.MACRO __PUTB1RONS
                 	MOV  R26,R@0
                 	MOV  R27,R@1
                 	ADIW R26,@2
                 	ST   X,R30
                 	.ENDM
                 
                 	.MACRO __PUTW1RONS
                 	MOV  R26,R@0
                 	MOV  R27,R@1
                 	ADIW R26,@2
                 	ST   X+,R30
                 	ST   X,R31
                 	.ENDM
                 
                 	.MACRO __PUTD1RONS
                 	MOV  R26,R@0
                 	MOV  R27,R@1
                 	ADIW R26,@2
                 	CALL __PUTDP1
                 	.ENDM
                 
                 
                 	.MACRO __GETB1SX
                 	MOVW R30,R28
                 	SUBI R30,LOW(-@0)
                 	SBCI R31,HIGH(-@0)
                 	LD   R30,Z
                 	.ENDM
                 
                 	.MACRO __GETB1HSX
                 	MOVW R30,R28
                 	SUBI R30,LOW(-@0)
                 	SBCI R31,HIGH(-@0)
                 	LD   R31,Z
                 	.ENDM
                 
                 	.MACRO __GETW1SX
                 	MOVW R30,R28
                 	SUBI R30,LOW(-@0)
                 	SBCI R31,HIGH(-@0)
                 	LD   R0,Z+
                 	LD   R31,Z
                 	MOV  R30,R0
                 	.ENDM
                 
                 	.MACRO __GETD1SX
                 	MOVW R30,R28
                 	SUBI R30,LOW(-@0)
                 	SBCI R31,HIGH(-@0)
                 	LD   R0,Z+
                 	LD   R1,Z+
                 	LD   R22,Z+
                 	LD   R23,Z
                 	MOVW R30,R0
                 	.ENDM
                 
                 	.MACRO __GETB2SX
                 	MOVW R26,R28
                 	SUBI R26,LOW(-@0)
                 	SBCI R27,HIGH(-@0)
                 	LD   R26,X
                 	.ENDM
                 
                 	.MACRO __GETW2SX
                 	MOVW R26,R28
                 	SUBI R26,LOW(-@0)
                 	SBCI R27,HIGH(-@0)
                 	LD   R0,X+
                 	LD   R27,X
                 	MOV  R26,R0
                 	.ENDM
                 
                 	.MACRO __GETD2SX
                 	MOVW R26,R28
                 	SUBI R26,LOW(-@0)
                 	SBCI R27,HIGH(-@0)
                 	LD   R0,X+
                 	LD   R1,X+
                 	LD   R24,X+
                 	LD   R25,X
                 	MOVW R26,R0
                 	.ENDM
                 
                 	.MACRO __GETBRSX
                 	MOVW R30,R28
                 	SUBI R30,LOW(-@1)
                 	SBCI R31,HIGH(-@1)
                 	LD   R@0,Z
                 	.ENDM
                 
                 	.MACRO __GETWRSX
                 	MOVW R30,R28
                 	SUBI R30,LOW(-@2)
                 	SBCI R31,HIGH(-@2)
                 	LD   R@0,Z+
                 	LD   R@1,Z
                 	.ENDM
                 
                 	.MACRO __GETBRSX2
                 	MOVW R26,R28
                 	SUBI R26,LOW(-@1)
                 	SBCI R27,HIGH(-@1)
                 	LD   R@0,X
                 	.ENDM
                 
                 	.MACRO __GETWRSX2
                 	MOVW R26,R28
                 	SUBI R26,LOW(-@2)
                 	SBCI R27,HIGH(-@2)
                 	LD   R@0,X+
                 	LD   R@1,X
                 	.ENDM
                 
                 	.MACRO __LSLW8SX
                 	MOVW R30,R28
                 	SUBI R30,LOW(-@0)
                 	SBCI R31,HIGH(-@0)
                 	LD   R31,Z
                 	CLR  R30
                 	.ENDM
                 
                 	.MACRO __PUTB1SX
                 	MOVW R26,R28
                 	SUBI R26,LOW(-@0)
                 	SBCI R27,HIGH(-@0)
                 	ST   X,R30
                 	.ENDM
                 
                 	.MACRO __PUTW1SX
                 	MOVW R26,R28
                 	SUBI R26,LOW(-@0)
                 	SBCI R27,HIGH(-@0)
                 	ST   X+,R30
                 	ST   X,R31
                 	.ENDM
                 
                 	.MACRO __PUTD1SX
                 	MOVW R26,R28
                 	SUBI R26,LOW(-@0)
                 	SBCI R27,HIGH(-@0)
                 	ST   X+,R30
                 	ST   X+,R31
                 	ST   X+,R22
                 	ST   X,R23
                 	.ENDM
                 
                 	.MACRO __CLRW1SX
                 	MOVW R26,R28
                 	SUBI R26,LOW(-@0)
                 	SBCI R27,HIGH(-@0)
                 	ST   X+,R30
                 	ST   X,R30
                 	.ENDM
                 
                 	.MACRO __CLRD1SX
                 	MOVW R26,R28
                 	SUBI R26,LOW(-@0)
                 	SBCI R27,HIGH(-@0)
                 	ST   X+,R30
                 	ST   X+,R30
                 	ST   X+,R30
                 	ST   X,R30
                 	.ENDM
                 
                 	.MACRO __PUTB2SX
                 	MOVW R30,R28
                 	SUBI R30,LOW(-@0)
                 	SBCI R31,HIGH(-@0)
                 	ST   Z,R26
                 	.ENDM
                 
                 	.MACRO __PUTW2SX
                 	MOVW R30,R28
                 	SUBI R30,LOW(-@0)
                 	SBCI R31,HIGH(-@0)
                 	ST   Z+,R26
                 	ST   Z,R27
                 	.ENDM
                 
                 	.MACRO __PUTD2SX
                 	MOVW R30,R28
                 	SUBI R30,LOW(-@0)
                 	SBCI R31,HIGH(-@0)
                 	ST   Z+,R26
                 	ST   Z+,R27
                 	ST   Z+,R24
                 	ST   Z,R25
                 	.ENDM
                 
                 	.MACRO __PUTBSRX
                 	MOVW R30,R28
                 	SUBI R30,LOW(-@1)
                 	SBCI R31,HIGH(-@1)
                 	ST   Z,R@0
                 	.ENDM
                 
                 	.MACRO __PUTWSRX
                 	MOVW R30,R28
                 	SUBI R30,LOW(-@2)
                 	SBCI R31,HIGH(-@2)
                 	ST   Z+,R@0
                 	ST   Z,R@1
                 	.ENDM
                 
                 	.MACRO __PUTB1SNX
                 	MOVW R26,R28
                 	SUBI R26,LOW(-@0)
                 	SBCI R27,HIGH(-@0)
                 	LD   R0,X+
                 	LD   R27,X
                 	MOV  R26,R0
                 	SUBI R26,LOW(-@1)
                 	SBCI R27,HIGH(-@1)
                 	ST   X,R30
                 	.ENDM
                 
                 	.MACRO __PUTW1SNX
                 	MOVW R26,R28
                 	SUBI R26,LOW(-@0)
                 	SBCI R27,HIGH(-@0)
                 	LD   R0,X+
                 	LD   R27,X
                 	MOV  R26,R0
                 	SUBI R26,LOW(-@1)
                 	SBCI R27,HIGH(-@1)
                 	ST   X+,R30
                 	ST   X,R31
                 	.ENDM
                 
                 	.MACRO __PUTD1SNX
                 	MOVW R26,R28
                 	SUBI R26,LOW(-@0)
                 	SBCI R27,HIGH(-@0)
                 	LD   R0,X+
                 	LD   R27,X
                 	MOV  R26,R0
                 	SUBI R26,LOW(-@1)
                 	SBCI R27,HIGH(-@1)
                 	ST   X+,R30
                 	ST   X+,R31
                 	ST   X+,R22
                 	ST   X,R23
                 	.ENDM
                 
                 	.MACRO __MULBRR
                 	MULS R@0,R@1
                 	MOVW R30,R0
                 	.ENDM
                 
                 	.MACRO __MULBRRU
                 	MUL  R@0,R@1
                 	MOVW R30,R0
                 	.ENDM
                 
                 	.MACRO __MULBRR0
                 	MULS R@0,R@1
                 	.ENDM
                 
                 	.MACRO __MULBRRU0
                 	MUL  R@0,R@1
                 	.ENDM
                 
                 	.MACRO __MULBNWRU
                 	LDI  R26,@2
                 	MUL  R26,R@0
                 	MOVW R30,R0
                 	MUL  R26,R@1
                 	ADD  R31,R0
                 	.ENDM
                 
                 ;NAME DEFINITIONS FOR GLOBAL VARIABLES ALLOCATED TO REGISTERS
                 	.DEF __lcd_x=R5
                 	.DEF __lcd_y=R4
                 	.DEF __lcd_maxx=R7
                 
                 	.CSEG
                 	.ORG 0x00
                 
                 ;START OF CODE MARKER
                 __START_OF_CODE:
                 
                 ;INTERRUPT VECTORS
000000 940c 0039 	JMP  __RESET
000002 940c 00d7 	JMP  _ext_int0_isr
000004 940c 0000 	JMP  0x00
000006 940c 0000 	JMP  0x00
000008 940c 0000 	JMP  0x00
00000a 940c 0000 	JMP  0x00
00000c 940c 0150 	JMP  _timer1_compa_isr
00000e 940c 0000 	JMP  0x00
000010 940c 0000 	JMP  0x00
000012 940c 0000 	JMP  0x00
000014 940c 0000 	JMP  0x00
000016 940c 0000 	JMP  0x00
000018 940c 0000 	JMP  0x00
00001a 940c 0000 	JMP  0x00
00001c 940c 0000 	JMP  0x00
00001e 940c 0000 	JMP  0x00
000020 940c 0000 	JMP  0x00
000022 940c 0000 	JMP  0x00
000024 940c 0000 	JMP  0x00
000026 940c 0000 	JMP  0x00
000028 940c 0000 	JMP  0x00
                 
                 _0x2C:
00002a 7245
00002b 6f72
00002c 0072
00002d 0000      	.DB  0x45,0x72,0x72,0x6F,0x72,0x0,0x0,0x0
00002e 0000      	.DB  0x0,0x0
                 _0x2F:
00002f 7553
000030 6363
000031 7365
000032 0073      	.DB  0x53,0x75,0x63,0x63,0x65,0x73,0x73,0x0
000033 0000      	.DB  0x0,0x0
                 _0x2000003:
000034 c080      	.DB  0x80,0xC0
                 
                 __GLOBAL_INI_TBL:
000035 0002      	.DW  0x02
000036 0160      	.DW  __base_y_G100
000037 0068      	.DW  _0x2000003*2
                 
                 _0xFFFFFFFF:
000038 0000      	.DW  0
                 
                 #define __GLOBAL_INI_TBL_PRESENT 1
                 
                 __RESET:
000039 94f8      	CLI
00003a 27ee      	CLR  R30
00003b bbec      	OUT  EECR,R30
                 
                 ;INTERRUPT VECTORS ARE PLACED
                 ;AT THE START OF FLASH
00003c e0f1      	LDI  R31,1
00003d bffb      	OUT  GICR,R31
00003e bfeb      	OUT  GICR,R30
00003f bfe5      	OUT  MCUCR,R30
                 
                 ;CLEAR R2-R14
000040 e08d      	LDI  R24,(14-2)+1
000041 e0a2      	LDI  R26,2
000042 27bb      	CLR  R27
                 __CLEAR_REG:
000043 93ed      	ST   X+,R30
000044 958a      	DEC  R24
000045 f7e9      	BRNE __CLEAR_REG
                 
                 ;CLEAR SRAM
000046 e080      	LDI  R24,LOW(__CLEAR_SRAM_SIZE)
000047 e094      	LDI  R25,HIGH(__CLEAR_SRAM_SIZE)
000048 e6a0      	LDI  R26,__SRAM_START
                 __CLEAR_SRAM:
000049 93ed      	ST   X+,R30
00004a 9701      	SBIW R24,1
00004b f7e9      	BRNE __CLEAR_SRAM
                 
                 ;GLOBAL VARIABLES INITIALIZATION
00004c e6ea      	LDI  R30,LOW(__GLOBAL_INI_TBL*2)
00004d e0f0      	LDI  R31,HIGH(__GLOBAL_INI_TBL*2)
                 __GLOBAL_INI_NEXT:
00004e 9185      	LPM  R24,Z+
00004f 9195      	LPM  R25,Z+
000050 9700      	SBIW R24,0
000051 f061      	BREQ __GLOBAL_INI_END
000052 91a5      	LPM  R26,Z+
000053 91b5      	LPM  R27,Z+
000054 9005      	LPM  R0,Z+
000055 9015      	LPM  R1,Z+
000056 01bf      	MOVW R22,R30
000057 01f0      	MOVW R30,R0
                 __GLOBAL_INI_LOOP:
000058 9005      	LPM  R0,Z+
000059 920d      	ST   X+,R0
00005a 9701      	SBIW R24,1
00005b f7e1      	BRNE __GLOBAL_INI_LOOP
00005c 01fb      	MOVW R30,R22
00005d cff0      	RJMP __GLOBAL_INI_NEXT
                 __GLOBAL_INI_END:
                 
                 ;HARDWARE STACK POINTER INITIALIZATION
00005e e5ef      	LDI  R30,LOW(__SRAM_END-__HEAP_SIZE)
00005f bfed      	OUT  SPL,R30
000060 e0e4      	LDI  R30,HIGH(__SRAM_END-__HEAP_SIZE)
000061 bfee      	OUT  SPH,R30
                 
                 ;DATA STACK POINTER INITIALIZATION
000062 e6c0      	LDI  R28,LOW(__SRAM_START+__DSTACK_SIZE)
000063 e0d1      	LDI  R29,HIGH(__SRAM_START+__DSTACK_SIZE)
                 
000064 940c 0175 	JMP  _main
                 
                 	.ESEG
                 	.ORG 0
                 
                 	.DSEG
                 	.ORG 0x160
                 
                 	.CSEG
                 ;/*******************************************************
                 ;This program was created by the
                 ;CodeWizardAVR V3.14 Advanced
                 ;Automatic Program Generator
                 ;© Copyright 1998-2014 Pavel Haiduc, HP InfoTech s.r.l.
                 ;http://www.hpinfotech.com
                 ;
                 ;Project :
                 ;Version :
                 ;Date    : 5/13/2022
                 ;Author  :
                 ;Company :
                 ;Comments:
                 ;
                 ;
                 ;Chip type               : ATmega16A
                 ;Program type            : Application
                 ;AVR Core Clock frequency: 12.000000 MHz
                 ;Memory model            : Small
                 ;External RAM size       : 0
                 ;Data Stack size         : 256
                 ;*******************************************************/
                 ;//Fdlnaaa bs n3ml lcd w nshtreeeha
                 ;#include <mega16a.h>
                 	#ifndef __SLEEP_DEFINED__
                 	#define __SLEEP_DEFINED__
                 	.EQU __se_bit=0x40
                 	.EQU __sm_mask=0xB0
                 	.EQU __sm_powerdown=0x20
                 	.EQU __sm_powersave=0x30
                 	.EQU __sm_standby=0xA0
                 	.EQU __sm_ext_standby=0xB0
                 	.EQU __sm_adc_noise_red=0x10
                 	.SET power_ctrl_reg=mcucr
                 	#endif
                 ;// Alphanumeric LCD functions
                 ;#include <alcd.h>
                 ;#include <delay.h>
                 ;// Declare your global variables here
                 ;eeprom int inputLength=0;
                 ;eeprom int lockSemaphore=0;
                 ;eeprom char lock[50];
                 ;eeprom char checkLock[50];
                 ;eeprom int checkLength=0;
                 ;char getNum(){
                 ; 0000 0022 char getNum(){
                 
                 	.CSEG
                 _getNum:
                 ; .FSTART _getNum
                 ; 0000 0023     char num;
                 ; 0000 0024 	if(PINC.7==1&&PINC.6==0&&PINC.5==1&&PINC.4==0)num='0';
000066 931a      	ST   -Y,R17
                 ;	num -> R17
000067 9b9f      	SBIS 0x13,7
000068 c006      	RJMP _0x4
000069 999e      	SBIC 0x13,6
00006a c004      	RJMP _0x4
00006b 9b9d      	SBIS 0x13,5
00006c c002      	RJMP _0x4
00006d 9b9c      	SBIS 0x13,4
00006e c001      	RJMP _0x5
                 _0x4:
00006f c002      	RJMP _0x3
                 _0x5:
000070 e310      	LDI  R17,LOW(48)
                 ; 0000 0025 	else if(PINC.7==0&&PINC.6==0&&PINC.5==0&&PINC.4==1)num='1';
000071 c062      	RJMP _0x6
                 _0x3:
000072 999f      	SBIC 0x13,7
000073 c006      	RJMP _0x8
000074 999e      	SBIC 0x13,6
000075 c004      	RJMP _0x8
000076 999d      	SBIC 0x13,5
000077 c002      	RJMP _0x8
000078 999c      	SBIC 0x13,4
000079 c001      	RJMP _0x9
                 _0x8:
00007a c002      	RJMP _0x7
                 _0x9:
00007b e311      	LDI  R17,LOW(49)
                 ; 0000 0026 	else if(PINC.7==0&&PINC.6==0&&PINC.5==1&&PINC.4==0)num='2';
00007c c057      	RJMP _0xA
                 _0x7:
00007d 999f      	SBIC 0x13,7
00007e c006      	RJMP _0xC
00007f 999e      	SBIC 0x13,6
000080 c004      	RJMP _0xC
000081 9b9d      	SBIS 0x13,5
000082 c002      	RJMP _0xC
000083 9b9c      	SBIS 0x13,4
000084 c001      	RJMP _0xD
                 _0xC:
000085 c002      	RJMP _0xB
                 _0xD:
000086 e312      	LDI  R17,LOW(50)
                 ; 0000 0027 	else if(PINC.7==0&&PINC.6==0&&PINC.5==1&&PINC.4==1)num='3';
000087 c04c      	RJMP _0xE
                 _0xB:
000088 999f      	SBIC 0x13,7
000089 c006      	RJMP _0x10
00008a 999e      	SBIC 0x13,6
00008b c004      	RJMP _0x10
00008c 9b9d      	SBIS 0x13,5
00008d c002      	RJMP _0x10
00008e 999c      	SBIC 0x13,4
00008f c001      	RJMP _0x11
                 _0x10:
000090 c002      	RJMP _0xF
                 _0x11:
000091 e313      	LDI  R17,LOW(51)
                 ; 0000 0028 	else if(PINC.7==0&&PINC.6==1&&PINC.5==0&&PINC.4==0)num='4';
000092 c041      	RJMP _0x12
                 _0xF:
000093 999f      	SBIC 0x13,7
000094 c006      	RJMP _0x14
000095 9b9e      	SBIS 0x13,6
000096 c004      	RJMP _0x14
000097 999d      	SBIC 0x13,5
000098 c002      	RJMP _0x14
000099 9b9c      	SBIS 0x13,4
00009a c001      	RJMP _0x15
                 _0x14:
00009b c002      	RJMP _0x13
                 _0x15:
00009c e314      	LDI  R17,LOW(52)
                 ; 0000 0029 	else if(PINC.7==0&&PINC.6==1&&PINC.5==0&&PINC.4==1)num='5';
00009d c036      	RJMP _0x16
                 _0x13:
00009e 999f      	SBIC 0x13,7
00009f c006      	RJMP _0x18
0000a0 9b9e      	SBIS 0x13,6
0000a1 c004      	RJMP _0x18
0000a2 999d      	SBIC 0x13,5
0000a3 c002      	RJMP _0x18
0000a4 999c      	SBIC 0x13,4
0000a5 c001      	RJMP _0x19
                 _0x18:
0000a6 c002      	RJMP _0x17
                 _0x19:
0000a7 e315      	LDI  R17,LOW(53)
                 ; 0000 002A 	else if(PINC.7==0&&PINC.6==1&&PINC.5==1&&PINC.4==0)num='6';
0000a8 c02b      	RJMP _0x1A
                 _0x17:
0000a9 999f      	SBIC 0x13,7
0000aa c006      	RJMP _0x1C
0000ab 9b9e      	SBIS 0x13,6
0000ac c004      	RJMP _0x1C
0000ad 9b9d      	SBIS 0x13,5
0000ae c002      	RJMP _0x1C
0000af 9b9c      	SBIS 0x13,4
0000b0 c001      	RJMP _0x1D
                 _0x1C:
0000b1 c002      	RJMP _0x1B
                 _0x1D:
0000b2 e316      	LDI  R17,LOW(54)
                 ; 0000 002B 	else if(PINC.7==0&&PINC.6==1&&PINC.5==1&&PINC.4==1)num='7';
0000b3 c020      	RJMP _0x1E
                 _0x1B:
0000b4 999f      	SBIC 0x13,7
0000b5 c006      	RJMP _0x20
0000b6 9b9e      	SBIS 0x13,6
0000b7 c004      	RJMP _0x20
0000b8 9b9d      	SBIS 0x13,5
0000b9 c002      	RJMP _0x20
0000ba 999c      	SBIC 0x13,4
0000bb c001      	RJMP _0x21
                 _0x20:
0000bc c002      	RJMP _0x1F
                 _0x21:
0000bd e317      	LDI  R17,LOW(55)
                 ; 0000 002C 	else if(PINC.7==1&&PINC.6==0&&PINC.5==0&&PINC.4==0)num='8';
0000be c015      	RJMP _0x22
                 _0x1F:
0000bf 9b9f      	SBIS 0x13,7
0000c0 c006      	RJMP _0x24
0000c1 999e      	SBIC 0x13,6
0000c2 c004      	RJMP _0x24
0000c3 999d      	SBIC 0x13,5
0000c4 c002      	RJMP _0x24
0000c5 9b9c      	SBIS 0x13,4
0000c6 c001      	RJMP _0x25
                 _0x24:
0000c7 c002      	RJMP _0x23
                 _0x25:
0000c8 e318      	LDI  R17,LOW(56)
                 ; 0000 002D 	else if(PINC.7==1&&PINC.6==0&&PINC.5==0&&PINC.4==1)num='9';
0000c9 c00a      	RJMP _0x26
                 _0x23:
0000ca 9b9f      	SBIS 0x13,7
0000cb c006      	RJMP _0x28
0000cc 999e      	SBIC 0x13,6
0000cd c004      	RJMP _0x28
0000ce 999d      	SBIC 0x13,5
0000cf c002      	RJMP _0x28
0000d0 999c      	SBIC 0x13,4
0000d1 c001      	RJMP _0x29
                 _0x28:
0000d2 c001      	RJMP _0x27
                 _0x29:
0000d3 e319      	LDI  R17,LOW(57)
                 ; 0000 002E 	return num;
                 _0x27:
                 _0x26:
                 _0x22:
                 _0x1E:
                 _0x1A:
                 _0x16:
                 _0x12:
                 _0xE:
                 _0xA:
                 _0x6:
0000d4 2fe1      	MOV  R30,R17
0000d5 9119      	LD   R17,Y+
0000d6 9508      	RET
                 ; 0000 002F }
                 ; .FEND
                 ;// External Interrupt 0 service routine
                 ;interrupt [EXT_INT0] void ext_int0_isr(void)
                 ; 0000 0032 {
                 _ext_int0_isr:
                 ; .FSTART _ext_int0_isr
0000d7 920a      	ST   -Y,R0
0000d8 921a      	ST   -Y,R1
0000d9 92fa      	ST   -Y,R15
0000da 936a      	ST   -Y,R22
0000db 937a      	ST   -Y,R23
0000dc 938a      	ST   -Y,R24
0000dd 939a      	ST   -Y,R25
0000de 93aa      	ST   -Y,R26
0000df 93ba      	ST   -Y,R27
0000e0 93ea      	ST   -Y,R30
0000e1 93fa      	ST   -Y,R31
0000e2 b7ef      	IN   R30,SREG
0000e3 93ea      	ST   -Y,R30
                 ; 0000 0033 
                 ; 0000 0034     //int flag=0;
                 ; 0000 0035     //int i=0;
                 ; 0000 0036     char c=getNum();
                 ; 0000 0037     lcd_putchar(c);
0000e4 931a      	ST   -Y,R17
                 ;	c -> R17
0000e5 df80      	RCALL _getNum
0000e6 2f1e      	MOV  R17,R30
0000e7 2fa1      	MOV  R26,R17
0000e8 d101      	RCALL _lcd_putchar
                 ; 0000 0038 // Place your code here
                 ; 0000 0039     //mafrood hna haread ba2a mn dtmf w a7oot fl eeprom 77ot 7gteen array w length
                 ; 0000 003A     if(PINB.1==0){     //normal mode
0000e9 99b1      	SBIC 0x16,1
0000ea c042      	RJMP _0x2A
                 ; 0000 003B         //mafrood hna a5od l input mn dtmf
                 ; 0000 003C         //GICR&=~(1<<INT0);
                 ; 0000 003D 
                 ; 0000 003E         //if(checkLength==0)
                 ; 0000 003F         //{
                 ; 0000 0040         //for(i=0;i<50;i++){
                 ; 0000 0041         //    checkLock[i]=0;
                 ; 0000 0042         //} }
                 ; 0000 0043 
                 ; 0000 0044 
                 ; 0000 0045         checkLock[checkLength] = c;
0000eb d14f      	RCALL SUBOPT_0x0
0000ec 5cea      	SUBI R30,LOW(-_checkLock)
0000ed 4fff      	SBCI R31,HIGH(-_checkLock)
0000ee 01df      	MOVW R26,R30
0000ef 2fe1      	MOV  R30,R17
0000f0 940e 028b 	CALL __EEPROMWRB
                 ; 0000 0046 
                 ; 0000 0047         if(lock[checkLength] != checkLock[checkLength]){
0000f2 d148      	RCALL SUBOPT_0x0
0000f3 01bf      	MOVW R22,R30
0000f4 5fec      	SUBI R30,LOW(-_lock)
0000f5 4fff      	SBCI R31,HIGH(-_lock)
0000f6 01df      	MOVW R26,R30
0000f7 940e 0277 	CALL __EEPROMRDB
0000f9 2e0e      	MOV  R0,R30
0000fa 01db      	MOVW R26,R22
0000fb 5caa      	SUBI R26,LOW(-_checkLock)
0000fc 4fbf      	SBCI R27,HIGH(-_checkLock)
0000fd 940e 0277 	CALL __EEPROMRDB
0000ff 15e0      	CP   R30,R0
000100 f059      	BREQ _0x2B
                 ; 0000 0048         char buf[10]="Error";
                 ; 0000 0049             delay_ms(200);
000101 972a      	SBIW R28,10
000102 e08a      	LDI  R24,10
000103 e0a0      	LDI  R26,LOW(0)
000104 e0b0      	LDI  R27,HIGH(0)
000105 e5e4      	LDI  R30,LOW(_0x2C*2)
000106 e0f0      	LDI  R31,HIGH(_0x2C*2)
000107 940e 029c 	CALL __INITLOCB
                 ;	buf -> Y+0
000109 d136      	RCALL SUBOPT_0x1
                 ; 0000 004A             lcd_clear();
                 ; 0000 004B 
                 ; 0000 004C             //DISPLAY Error IN LCD
                 ; 0000 004D 
                 ; 0000 004E             PORTC|=(1<<PORTC1);
00010a 9aa9      	SBI  0x15,1
                 ; 0000 004F             lcd_puts(buf);
00010b c014      	RJMP _0x3E
                 ; 0000 0050             delay_ms(1000);
                 ; 0000 0051             PORTC&=(0<<PORTC1);
                 ; 0000 0052             //buf="Error";
                 ; 0000 0053             checkLength=0;
                 ; 0000 0054             //lcd_puts(buf);
                 ; 0000 0055             //delay_ms(1000);
                 ; 0000 0056              lcd_clear();
                 ; 0000 0057         } else {
                 _0x2B:
                 ; 0000 0058             checkLength++;
00010c d12e      	RCALL SUBOPT_0x0
00010d 9631      	ADIW R30,1
00010e 940e 0283 	CALL __EEPROMWRW
                 ; 0000 0059             if(checkLength == inputLength) {
000110 d12a      	RCALL SUBOPT_0x0
000111 010f      	MOVW R0,R30
000112 d132      	RCALL SUBOPT_0x2
000113 15e0      	CP   R30,R0
000114 05f1      	CPC  R31,R1
000115 f4b1      	BRNE _0x2E
                 ; 0000 005A                 char buf[10]="Success";
                 ; 0000 005B                 delay_ms(200);
000116 972a      	SBIW R28,10
000117 e08a      	LDI  R24,10
000118 e0a0      	LDI  R26,LOW(0)
000119 e0b0      	LDI  R27,HIGH(0)
00011a e5ee      	LDI  R30,LOW(_0x2F*2)
00011b e0f0      	LDI  R31,HIGH(_0x2F*2)
00011c 940e 029c 	CALL __INITLOCB
                 ;	buf -> Y+0
00011e d121      	RCALL SUBOPT_0x1
                 ; 0000 005C                 lcd_clear();
                 ; 0000 005D 
                 ; 0000 005E                 //DISPLAY Success IN LCD
                 ; 0000 005F 
                 ; 0000 0060                 PORTC|=(1<<PORTC2);
00011f 9aaa      	SBI  0x15,2
                 ; 0000 0061                 lcd_puts(buf);
                 _0x3E:
000120 01de      	MOVW R26,R28
000121 d0dd      	RCALL _lcd_puts
                 ; 0000 0062                 delay_ms(1000);
000122 eea8      	LDI  R26,LOW(1000)
000123 e0b3      	LDI  R27,HIGH(1000)
000124 940e 0269 	CALL _delay_ms
                 ; 0000 0063                 PORTC&=(0<<PORTC2);
000126 b3e5      	IN   R30,0x15
000127 70e0      	ANDI R30,LOW(0x0)
000128 bbe5      	OUT  0x15,R30
                 ; 0000 0064                 checkLength=0;
000129 d120      	RCALL SUBOPT_0x3
                 ; 0000 0065                 //buf="Success";
                 ; 0000 0066                 //lcd_puts(buf);
                 ; 0000 0067                 //delay_ms(1000);
                 ; 0000 0068                 lcd_clear();
00012a d0b5      	RCALL _lcd_clear
                 ; 0000 0069             }
00012b 962a      	ADIW R28,10
                 ; 0000 006A         }
                 _0x2E:
                 ; 0000 006B 
                 ; 0000 006C 
                 ; 0000 006D //        if(checkLength!=inputLength-1){
                 ; 0000 006E //              checkLock[checkLength]=c;
                 ; 0000 006F //              checkLength++;
                 ; 0000 0070 //
                 ; 0000 0071 //        }else{
                 ; 0000 0072 //            checkLock[checkLength]=c;
                 ; 0000 0073 //            checkLength++;
                 ; 0000 0074 //            for(i=0;i<inputLength;i++){
                 ; 0000 0075 //                if(lock[i]!=checkLock[i]){
                 ; 0000 0076 //                    flag=1;
                 ; 0000 0077 //                    break;
                 ; 0000 0078 //                }
                 ; 0000 0079 //            }
                 ; 0000 007A //                lcd_clear();
                 ; 0000 007B //                if(flag==1){
                 ; 0000 007C //                    //DISPLAY Error IN LCD
                 ; 0000 007D //                    char buf[10]="Error";
                 ; 0000 007E //                    PORTC|=(1<<PORTC1);
                 ; 0000 007F //                    delay_ms(1000);
                 ; 0000 0080 //                    PORTC&=(0<<PORTC1);
                 ; 0000 0081 //                    //buf="Error";
                 ; 0000 0082 //                    checkLength=0;
                 ; 0000 0083 //                    lcd_puts(buf);
                 ; 0000 0084 //                    delay_ms(1000);
                 ; 0000 0085 //                     lcd_clear();
                 ; 0000 0086 //                }else{
                 ; 0000 0087 //                    //DISPLAY Success IN LCD
                 ; 0000 0088 //                     char buf[10]="Success";
                 ; 0000 0089 //                    PORTC|=(1<<PORTC2);
                 ; 0000 008A //                    delay_ms(1000);
                 ; 0000 008B //                    PORTC&=(0<<PORTC2);
                 ; 0000 008C //                    checkLength=0;
                 ; 0000 008D //                    //buf="Success";
                 ; 0000 008E //                    lcd_puts(buf);
                 ; 0000 008F //                    delay_ms(1000);
                 ; 0000 0090 //                    lcd_clear();
                 ; 0000 0091 //                }
                 ; 0000 0092 
                 ; 0000 0093             //lcd_puts(buf);
                 ; 0000 0094                  //delay_ms(1000);
                 ; 0000 0095 
                 ; 0000 0096 
                 ; 0000 0097 //        }
                 ; 0000 0098     }else{ //programming mode
00012c c014      	RJMP _0x30
                 _0x2A:
                 ; 0000 0099     if(lockSemaphore==1){
00012d e0a2      	LDI  R26,LOW(_lockSemaphore)
00012e e0b0      	LDI  R27,HIGH(_lockSemaphore)
00012f 940e 0273 	CALL __EEPROMRDW
000131 30e1      	CPI  R30,LOW(0x1)
000132 e0a0      	LDI  R26,HIGH(0x1)
000133 07fa      	CPC  R31,R26
000134 f461      	BRNE _0x31
                 ; 0000 009A         lock[inputLength]=c;
000135 d10f      	RCALL SUBOPT_0x2
000136 5fec      	SUBI R30,LOW(-_lock)
000137 4fff      	SBCI R31,HIGH(-_lock)
000138 01df      	MOVW R26,R30
000139 2fe1      	MOV  R30,R17
00013a 940e 028b 	CALL __EEPROMWRB
                 ; 0000 009B         //DISPLAY in LCD
                 ; 0000 009C         inputLength++;
00013c d108      	RCALL SUBOPT_0x2
00013d 9631      	ADIW R30,1
00013e 940e 0283 	CALL __EEPROMWRW
                 ; 0000 009D         checkLength=0;
000140 d109      	RCALL SUBOPT_0x3
                 ; 0000 009E         }
                 ; 0000 009F     }
                 _0x31:
                 _0x30:
                 ; 0000 00A0 }
000141 9119      	LD   R17,Y+
000142 91e9      	LD   R30,Y+
000143 bfef      	OUT  SREG,R30
000144 91f9      	LD   R31,Y+
000145 91e9      	LD   R30,Y+
000146 91b9      	LD   R27,Y+
000147 91a9      	LD   R26,Y+
000148 9199      	LD   R25,Y+
000149 9189      	LD   R24,Y+
00014a 9179      	LD   R23,Y+
00014b 9169      	LD   R22,Y+
00014c 90f9      	LD   R15,Y+
00014d 9019      	LD   R1,Y+
00014e 9009      	LD   R0,Y+
00014f 9518      	RETI
                 ; .FEND
                 ;
                 ;// Timer1 output compare A interrupt service routine
                 ;interrupt [TIM1_COMPA] void timer1_compa_isr(void)
                 ; 0000 00A4 {
                 _timer1_compa_isr:
                 ; .FSTART _timer1_compa_isr
000150 938a      	ST   -Y,R24
000151 939a      	ST   -Y,R25
000152 93aa      	ST   -Y,R26
000153 93ba      	ST   -Y,R27
000154 93ea      	ST   -Y,R30
000155 93fa      	ST   -Y,R31
000156 b7ef      	IN   R30,SREG
000157 93ea      	ST   -Y,R30
                 ; 0000 00A5 // Place your code here
                 ; 0000 00A6     PORTC|=(1<<PORTC0);
000158 9aa8      	SBI  0x15,0
                 ; 0000 00A7     if(lockSemaphore==0){
000159 e0a2      	LDI  R26,LOW(_lockSemaphore)
00015a e0b0      	LDI  R27,HIGH(_lockSemaphore)
00015b 940e 0273 	CALL __EEPROMRDW
00015d 9730      	SBIW R30,0
00015e f469      	BRNE _0x32
                 ; 0000 00A8         inputLength=0;
00015f e0a0      	LDI  R26,LOW(_inputLength)
000160 e0b0      	LDI  R27,HIGH(_inputLength)
000161 e0e0      	LDI  R30,LOW(0)
000162 e0f0      	LDI  R31,HIGH(0)
000163 940e 0283 	CALL __EEPROMWRW
                 ; 0000 00A9         checkLength=0;
000165 d0e4      	RCALL SUBOPT_0x3
                 ; 0000 00AA         lockSemaphore=1;
000166 e0a2      	LDI  R26,LOW(_lockSemaphore)
000167 e0b0      	LDI  R27,HIGH(_lockSemaphore)
000168 e0e1      	LDI  R30,LOW(1)
000169 e0f0      	LDI  R31,HIGH(1)
00016a 940e 0283 	CALL __EEPROMWRW
                 ; 0000 00AB     }
                 ; 0000 00AC     //if((1<<ICES1)){
                 ; 0000 00AD     //    PORTC|=(1<<PORTC1);
                 ; 0000 00AE         //mafrood a7wl le falling edge 3shan awl m yfall atl3 mn loop
                 ; 0000 00AF         //mafrood kman aread kol l ktbo w astore it fl eeprom
                 ; 0000 00B0     //    TCCR1B &=(0<<ICES1);
                 ; 0000 00B1 
                 ; 0000 00B2 
                 ; 0000 00B3         //inputLength=0;
                 ; 0000 00B4         //GICR|=(1<<INT0);
                 ; 0000 00B5     //}else{
                 ; 0000 00B6         //GICR&=~(1<<INT0);
                 ; 0000 00B7         //TCCR1B |=(1<<ICES1);
                 ; 0000 00B8 
                 ; 0000 00B9     //     OCR1AH=0x5B;
                 ; 0000 00BA     //    OCR1AL=0x8D;
                 ; 0000 00BB       //   PORTC&=(0<<PORTC1);
                 ; 0000 00BC       //}
                 ; 0000 00BD 
                 ; 0000 00BE }
                 _0x32:
00016c 91e9      	LD   R30,Y+
00016d bfef      	OUT  SREG,R30
00016e 91f9      	LD   R31,Y+
00016f 91e9      	LD   R30,Y+
000170 91b9      	LD   R27,Y+
000171 91a9      	LD   R26,Y+
000172 9199      	LD   R25,Y+
000173 9189      	LD   R24,Y+
000174 9518      	RETI
                 ; .FEND
                 ;eeprom int clearSemaphore=0;
                 ;void main(void)
                 ; 0000 00C1 {
                 _main:
                 ; .FSTART _main
                 ; 0000 00C2 // Declare your local variables here
                 ; 0000 00C3 
                 ; 0000 00C4 // Input/Output Ports initialization
                 ; 0000 00C5 // Port A initialization
                 ; 0000 00C6 // Function: Bit7=In Bit6=In Bit5=In Bit4=In Bit3=In Bit2=In Bit1=In Bit0=In
                 ; 0000 00C7 DDRA=(0<<DDA7) | (0<<DDA6) | (0<<DDA5) | (0<<DDA4) | (0<<DDA3) | (0<<DDA2) | (0<<DDA1) | (0<<DDA0);
000175 e0e0      	LDI  R30,LOW(0)
000176 bbea      	OUT  0x1A,R30
                 ; 0000 00C8 // State: Bit7=T Bit6=T Bit5=T Bit4=T Bit3=T Bit2=T Bit1=T Bit0=T
                 ; 0000 00C9 PORTA=(0<<PORTA7) | (0<<PORTA6) | (0<<PORTA5) | (0<<PORTA4) | (0<<PORTA3) | (0<<PORTA2) | (0<<PORTA1) | (0<<PORTA0);
000177 bbeb      	OUT  0x1B,R30
                 ; 0000 00CA 
                 ; 0000 00CB // Port B initialization
                 ; 0000 00CC // Function: Bit7=In Bit6=In Bit5=In Bit4=In Bit3=In Bit2=In Bit1=In Bit0=In
                 ; 0000 00CD DDRB=(0<<DDB7) | (0<<DDB6) | (0<<DDB5) | (0<<DDB4) | (0<<DDB3) | (0<<DDB2) | (0<<DDB1) | (0<<DDB0);
000178 bbe7      	OUT  0x17,R30
                 ; 0000 00CE // State: Bit7=T Bit6=T Bit5=T Bit4=T Bit3=T Bit2=T Bit1=T Bit0=T
                 ; 0000 00CF PORTB=(0<<PORTB7) | (0<<PORTB6) | (0<<PORTB5) | (0<<PORTB4) | (0<<PORTB3) | (0<<PORTB2) | (0<<PORTB1) | (0<<PORTB0);
000179 bbe8      	OUT  0x18,R30
                 ; 0000 00D0 
                 ; 0000 00D1 // Port C initialization
                 ; 0000 00D2 // Function: Bit7=Out Bit6=Out Bit5=Out Bit4=Out Bit3=In Bit2=Out Bit1=Out Bit0=Out
                 ; 0000 00D3 DDRC=(0<<DDC7) | (0<<DDC6) | (0<<DDC5) | (0<<DDC4) | (1<DDC3) | (1<<DDC2) | (1<<DDC1) | (1<<DDC0);
00017a e0e7      	LDI  R30,LOW(7)
00017b bbe4      	OUT  0x14,R30
                 ; 0000 00D4 // State: Bit7=0 Bit6=0 Bit5=0 Bit4=0 Bit3=T Bit2=0 Bit1=0 Bit0=0
                 ; 0000 00D5 PORTC=(0<<PORTC7) | (0<<PORTC6) | (0<<PORTC5) | (0<<PORTC4) | (0<<PORTC3) | (0<<PORTC2) | (0<<PORTC1) | (0<<PORTC0);
00017c e0e0      	LDI  R30,LOW(0)
00017d bbe5      	OUT  0x15,R30
                 ; 0000 00D6 
                 ; 0000 00D7 // Port D initialization
                 ; 0000 00D8 // Function: Bit7=In Bit6=In Bit5=In Bit4=In Bit3=In Bit2=In Bit1=In Bit0=In
                 ; 0000 00D9 DDRD=(0<<DDD7) | (0<<DDD6) | (0<<DDD5) | (0<<DDD4) | (0<<DDD3) | (0<<DDD2) | (0<<DDD1) | (0<<DDD0);
00017e bbe1      	OUT  0x11,R30
                 ; 0000 00DA // State: Bit7=T Bit6=T Bit5=T Bit4=T Bit3=T Bit2=T Bit1=T Bit0=T
                 ; 0000 00DB PORTD=(0<<PORTD7) | (0<<PORTD6) | (0<<PORTD5) | (0<<PORTD4) | (0<<PORTD3) | (0<<PORTD2) | (0<<PORTD1) | (0<<PORTD0);
00017f bbe2      	OUT  0x12,R30
                 ; 0000 00DC 
                 ; 0000 00DD 
                 ; 0000 00DE // Timer/Counter 1 initialization
                 ; 0000 00DF // Clock source: System Clock
                 ; 0000 00E0 // Clock value: 11.719 kHz
                 ; 0000 00E1 // Mode: CTC top=OCR1A
                 ; 0000 00E2 // OC1A output: Disconnected
                 ; 0000 00E3 // OC1B output: Disconnected
                 ; 0000 00E4 // Noise Canceler: Off
                 ; 0000 00E5 // Input Capture on Falling Edge
                 ; 0000 00E6 // Timer Period: 2 s
                 ; 0000 00E7 // Timer1 Overflow Interrupt: Off
                 ; 0000 00E8 // Input Capture Interrupt: Off
                 ; 0000 00E9 // Compare A Match Interrupt: On
                 ; 0000 00EA // Compare B Match Interrupt: Off
                 ; 0000 00EB TCCR1A=(0<<COM1A1) | (0<<COM1A0) | (0<<COM1B1) | (0<<COM1B0) | (0<<WGM11) | (0<<WGM10);
000180 bdef      	OUT  0x2F,R30
                 ; 0000 00EC TCCR1B=(1<<ICNC1) | (1<<ICES1) | (0<<WGM13) | (1<<WGM12) | (1<<CS12) | (1<<CS11) | (1<<CS10);
000181 ecef      	LDI  R30,LOW(207)
000182 bdee      	OUT  0x2E,R30
                 ; 0000 00ED TCNT1H=0xA4;
000183 eae4      	LDI  R30,LOW(164)
000184 bded      	OUT  0x2D,R30
                 ; 0000 00EE TCNT1L=0x72;
000185 e7e2      	LDI  R30,LOW(114)
000186 d0ca      	RCALL SUBOPT_0x4
                 ; 0000 00EF ICR1H=0x00;
                 ; 0000 00F0 ICR1L=0x00;
                 ; 0000 00F1 OCR1AH=0x5A;
                 ; 0000 00F2 OCR1AL=0x8D;
                 ; 0000 00F3 OCR1BH=0x00;
                 ; 0000 00F4 OCR1BL=0x00;
                 ; 0000 00F5 
                 ; 0000 00F6 // Timer(s)/Counter(s) Interrupt(s) initialization
                 ; 0000 00F7 TIMSK=(0<<OCIE2) | (0<<TOIE2) | (0<<TICIE1) | (1<<OCIE1A) | (0<<OCIE1B) | (0<<TOIE1) | (0<<OCIE0) | (0<<TOIE0);
000187 e1e0      	LDI  R30,LOW(16)
000188 bfe9      	OUT  0x39,R30
                 ; 0000 00F8 
                 ; 0000 00F9 // External Interrupt(s) initialization
                 ; 0000 00FA // INT0: On
                 ; 0000 00FB // INT0 Mode: Rising Edge
                 ; 0000 00FC // INT1: Off
                 ; 0000 00FD // INT2: Off
                 ; 0000 00FE GICR|=(0<<INT1) | (1<<INT0) | (0<<INT2);
000189 b7eb      	IN   R30,0x3B
00018a 64e0      	ORI  R30,0x40
00018b bfeb      	OUT  0x3B,R30
                 ; 0000 00FF MCUCR=(0<<ISC11) | (0<<ISC10) | (1<<ISC01) | (1<<ISC00);
00018c e0e3      	LDI  R30,LOW(3)
00018d bfe5      	OUT  0x35,R30
                 ; 0000 0100 MCUCSR=(0<<ISC2);
00018e e0e0      	LDI  R30,LOW(0)
00018f bfe4      	OUT  0x34,R30
                 ; 0000 0101 GIFR=(0<<INTF1) | (1<<INTF0) | (0<<INTF2);
000190 e4e0      	LDI  R30,LOW(64)
000191 bfea      	OUT  0x3A,R30
                 ; 0000 0102 
                 ; 0000 0103 // Alphanumeric LCD initialization
                 ; 0000 0104 // Connections are specified in the
                 ; 0000 0105 // Project|Configure|C Compiler|Libraries|Alphanumeric LCD menu:
                 ; 0000 0106 // RS - PORTA Bit 0
                 ; 0000 0107 // RD - PORTA Bit 1
                 ; 0000 0108 // EN - PORTA Bit 2
                 ; 0000 0109 // D4 - PORTA Bit 4
                 ; 0000 010A // D5 - PORTA Bit 5
                 ; 0000 010B // D6 - PORTA Bit 6
                 ; 0000 010C // D7 - PORTA Bit 7
                 ; 0000 010D // Characters/line: 16
                 ; 0000 010E lcd_init(16);
000192 e1a0      	LDI  R26,LOW(16)
000193 d07c      	RCALL _lcd_init
                 ; 0000 010F 
                 ; 0000 0110 // Global enable interrupts
                 ; 0000 0111 #asm("sei")
000194 9478      	sei
                 ; 0000 0112 DDRB.1=0;
000195 98b9      	CBI  0x17,1
                 ; 0000 0113 while (1)
                 _0x35:
                 ; 0000 0114       {
                 ; 0000 0115       // Place your code here
                 ; 0000 0116 // Place your code here
                 ; 0000 0117         if(PINB.1){
000196 9bb1      	SBIS 0x16,1
000197 c005      	RJMP _0x38
                 ; 0000 0118             TCCR1A=(0<<COM1A1) | (0<<COM1A0) | (0<<COM1B1) | (0<<COM1B0) | (0<<WGM11) | (0<<WGM10);
000198 e0e0      	LDI  R30,LOW(0)
000199 bdef      	OUT  0x2F,R30
                 ; 0000 0119             TCCR1B=(0<<ICNC1) | (0<<ICES1) | (0<<WGM13) | (1<<WGM12) | (1<<CS12) | (0<<CS11) | (1<<CS10);
00019a e0ed      	LDI  R30,LOW(13)
00019b bdee      	OUT  0x2E,R30
                 ; 0000 011A             //TCCR1B    |= (1<<CS11);
                 ; 0000 011B             //TCNT1H=0x00;
                 ; 0000 011C             //TCNT1L=0x00;
                 ; 0000 011D             //ICR1H=0x00;
                 ; 0000 011E             //ICR1L=0x00;
                 ; 0000 011F             //OCR1AH=0x5B;
                 ; 0000 0120             //OCR1AL=0x8D;
                 ; 0000 0121             //OCR1BH=0x00;
                 ; 0000 0122             //OCR1BL=0x00;
                 ; 0000 0123             //PORTC^=1<<PORTC0;
                 ; 0000 0124         }
                 ; 0000 0125         else{
00019c c014      	RJMP _0x39
                 _0x38:
                 ; 0000 0126             lockSemaphore=0;
00019d e0a2      	LDI  R26,LOW(_lockSemaphore)
00019e e0b0      	LDI  R27,HIGH(_lockSemaphore)
00019f e0e0      	LDI  R30,LOW(0)
0001a0 e0f0      	LDI  R31,HIGH(0)
0001a1 940e 0283 	CALL __EEPROMWRW
                 ; 0000 0127             PORTC&=0<<PORTC0;
0001a3 b3e5      	IN   R30,0x15
0001a4 70e0      	ANDI R30,LOW(0x0)
0001a5 bbe5      	OUT  0x15,R30
                 ; 0000 0128             lcd_clear();
0001a6 d039      	RCALL _lcd_clear
                 ; 0000 0129             while(PINB.1==0){
                 _0x3A:
0001a7 99b1      	SBIC 0x16,1
0001a8 c008      	RJMP _0x3C
                 ; 0000 012A             //PORTC&=(0<<PORTC0);
                 ; 0000 012B             TCCR1A=(0<<COM1A1) | (0<<COM1A0) | (0<<COM1B1) | (0<<COM1B0) | (0<<WGM11) | (0<<WGM10);
0001a9 e0e0      	LDI  R30,LOW(0)
0001aa bdef      	OUT  0x2F,R30
                 ; 0000 012C             TCCR1B=(0<<ICNC1) | (0<<ICES1) | (0<<WGM13) | (1<<WGM12) | (1<<CS12) | (1<<CS11) | (1<<CS10);
0001ab e0ef      	LDI  R30,LOW(15)
0001ac bdee      	OUT  0x2E,R30
                 ; 0000 012D             //TCCR1B    |= (1<<CS11);
                 ; 0000 012E             TCNT1H=0x00;
0001ad e0e0      	LDI  R30,LOW(0)
0001ae bded      	OUT  0x2D,R30
                 ; 0000 012F             TCNT1L=0x00;
0001af d0a1      	RCALL SUBOPT_0x4
                 ; 0000 0130             ICR1H=0x00;
                 ; 0000 0131             ICR1L=0x00;
                 ; 0000 0132             OCR1AH=0x5A;
                 ; 0000 0133             OCR1AL=0x8D;
                 ; 0000 0134             OCR1BH=0x00;
                 ; 0000 0135             OCR1BL=0x00;
                 ; 0000 0136              }
0001b0 cff6      	RJMP _0x3A
                 _0x3C:
                 ; 0000 0137 
                 ; 0000 0138       }                       }
                 _0x39:
0001b1 cfe4      	RJMP _0x35
                 ; 0000 0139 }
                 _0x3D:
0001b2 cfff      	RJMP _0x3D
                 ; .FEND
                 	#ifndef __SLEEP_DEFINED__
                 	#endif
                 
                 	.DSEG
                 
                 	.CSEG
                 __lcd_write_nibble_G100:
                 ; .FSTART __lcd_write_nibble_G100
0001b3 93aa      	ST   -Y,R26
0001b4 b3eb      	IN   R30,0x1B
0001b5 70ef      	ANDI R30,LOW(0xF)
0001b6 2fae      	MOV  R26,R30
0001b7 81e8      	LD   R30,Y
0001b8 7fe0      	ANDI R30,LOW(0xF0)
0001b9 2bea      	OR   R30,R26
0001ba bbeb      	OUT  0x1B,R30
                +
0001bb e184     +LDI R24 , LOW ( 20 )
                +__DELAY_USB_LOOP :
0001bc 958a     +DEC R24
0001bd f7f1     +BRNE __DELAY_USB_LOOP
                 	__DELAY_USB 20
0001be 9ada      	SBI  0x1B,2
                +
0001bf e184     +LDI R24 , LOW ( 20 )
                +__DELAY_USB_LOOP :
0001c0 958a     +DEC R24
0001c1 f7f1     +BRNE __DELAY_USB_LOOP
                 	__DELAY_USB 20
0001c2 98da      	CBI  0x1B,2
                +
0001c3 e184     +LDI R24 , LOW ( 20 )
                +__DELAY_USB_LOOP :
0001c4 958a     +DEC R24
0001c5 f7f1     +BRNE __DELAY_USB_LOOP
                 	__DELAY_USB 20
0001c6 c072      	RJMP _0x2020001
                 ; .FEND
                 __lcd_write_data:
                 ; .FSTART __lcd_write_data
0001c7 93aa      	ST   -Y,R26
0001c8 81a8      	LD   R26,Y
0001c9 dfe9      	RCALL __lcd_write_nibble_G100
0001ca 81e8          ld    r30,y
0001cb 95e2          swap  r30
0001cc 83e8          st    y,r30
0001cd 81a8      	LD   R26,Y
0001ce dfe4      	RCALL __lcd_write_nibble_G100
                +
0001cf ec88     +LDI R24 , LOW ( 200 )
                +__DELAY_USB_LOOP :
0001d0 958a     +DEC R24
0001d1 f7f1     +BRNE __DELAY_USB_LOOP
                 	__DELAY_USB 200
0001d2 c066      	RJMP _0x2020001
                 ; .FEND
                 _lcd_gotoxy:
                 ; .FSTART _lcd_gotoxy
0001d3 93aa      	ST   -Y,R26
0001d4 81e8      	LD   R30,Y
0001d5 e0f0      	LDI  R31,0
0001d6 5ae0      	SUBI R30,LOW(-__base_y_G100)
0001d7 4ffe      	SBCI R31,HIGH(-__base_y_G100)
0001d8 81e0      	LD   R30,Z
0001d9 81a9      	LDD  R26,Y+1
0001da 0fae      	ADD  R26,R30
0001db dfeb      	RCALL __lcd_write_data
0001dc 8059      	LDD  R5,Y+1
0001dd 8048      	LDD  R4,Y+0
0001de 9622      	ADIW R28,2
0001df 9508      	RET
                 ; .FEND
                 _lcd_clear:
                 ; .FSTART _lcd_clear
0001e0 e0a2      	LDI  R26,LOW(2)
0001e1 d07b      	RCALL SUBOPT_0x5
0001e2 e0ac      	LDI  R26,LOW(12)
0001e3 dfe3      	RCALL __lcd_write_data
0001e4 e0a1      	LDI  R26,LOW(1)
0001e5 d077      	RCALL SUBOPT_0x5
0001e6 e0e0      	LDI  R30,LOW(0)
0001e7 2e4e      	MOV  R4,R30
0001e8 2e5e      	MOV  R5,R30
0001e9 9508      	RET
                 ; .FEND
                 _lcd_putchar:
                 ; .FSTART _lcd_putchar
0001ea 93aa      	ST   -Y,R26
0001eb 81a8      	LD   R26,Y
0001ec 30aa      	CPI  R26,LOW(0xA)
0001ed f011      	BREQ _0x2000005
0001ee 1457      	CP   R5,R7
0001ef f048      	BRLO _0x2000004
                 _0x2000005:
0001f0 e0e0      	LDI  R30,LOW(0)
0001f1 93ea      	ST   -Y,R30
0001f2 9443      	INC  R4
0001f3 2da4      	MOV  R26,R4
0001f4 dfde      	RCALL _lcd_gotoxy
0001f5 81a8      	LD   R26,Y
0001f6 30aa      	CPI  R26,LOW(0xA)
0001f7 f409      	BRNE _0x2000007
0001f8 c040      	RJMP _0x2020001
                 _0x2000007:
                 _0x2000004:
0001f9 9453      	INC  R5
0001fa 9ad8      	SBI  0x1B,0
0001fb 81a8      	LD   R26,Y
0001fc dfca      	RCALL __lcd_write_data
0001fd 98d8      	CBI  0x1B,0
0001fe c03a      	RJMP _0x2020001
                 ; .FEND
                 _lcd_puts:
                 ; .FSTART _lcd_puts
0001ff 93ba      	ST   -Y,R27
000200 93aa      	ST   -Y,R26
000201 931a      	ST   -Y,R17
                 _0x2000008:
000202 81a9      	LDD  R26,Y+1
000203 81ba      	LDD  R27,Y+1+1
000204 91ed      	LD   R30,X+
000205 83a9      	STD  Y+1,R26
000206 83ba      	STD  Y+1+1,R27
000207 2f1e      	MOV  R17,R30
000208 30e0      	CPI  R30,0
000209 f019      	BREQ _0x200000A
00020a 2fa1      	MOV  R26,R17
00020b dfde      	RCALL _lcd_putchar
00020c cff5      	RJMP _0x2000008
                 _0x200000A:
00020d 8118      	LDD  R17,Y+0
00020e 9623      	ADIW R28,3
00020f 9508      	RET
                 ; .FEND
                 _lcd_init:
                 ; .FSTART _lcd_init
000210 93aa      	ST   -Y,R26
000211 b3ea      	IN   R30,0x1A
000212 6fe0      	ORI  R30,LOW(0xF0)
000213 bbea      	OUT  0x1A,R30
000214 9ad2      	SBI  0x1A,2
000215 9ad0      	SBI  0x1A,0
000216 9ad1      	SBI  0x1A,1
000217 98da      	CBI  0x1B,2
000218 98d8      	CBI  0x1B,0
000219 98d9      	CBI  0x1B,1
00021a 8078      	LDD  R7,Y+0
00021b 81e8      	LD   R30,Y
00021c 58e0      	SUBI R30,-LOW(128)
                +
00021d 93e0 0162+STS __base_y_G100 + ( 2 ) , R30
                 	__PUTB1MN __base_y_G100,2
00021f 81e8      	LD   R30,Y
000220 54e0      	SUBI R30,-LOW(192)
                +
000221 93e0 0163+STS __base_y_G100 + ( 3 ) , R30
                 	__PUTB1MN __base_y_G100,3
000223 e1a4      	LDI  R26,LOW(20)
000224 e0b0      	LDI  R27,0
000225 940e 0269 	CALL _delay_ms
000227 d03a      	RCALL SUBOPT_0x6
000228 d039      	RCALL SUBOPT_0x6
000229 d038      	RCALL SUBOPT_0x6
00022a e2a0      	LDI  R26,LOW(32)
00022b df87      	RCALL __lcd_write_nibble_G100
                +
00022c e28c     +LDI R24 , LOW ( 300 )
00022d e091     +LDI R25 , HIGH ( 300 )
                +__DELAY_USW_LOOP :
00022e 9701     +SBIW R24 , 1
00022f f7f1     +BRNE __DELAY_USW_LOOP
                 	__DELAY_USW 300
000230 e2a8      	LDI  R26,LOW(40)
000231 df95      	RCALL __lcd_write_data
000232 e0a4      	LDI  R26,LOW(4)
000233 df93      	RCALL __lcd_write_data
000234 e8a5      	LDI  R26,LOW(133)
000235 df91      	RCALL __lcd_write_data
000236 e0a6      	LDI  R26,LOW(6)
000237 df8f      	RCALL __lcd_write_data
000238 dfa7      	RCALL _lcd_clear
                 _0x2020001:
000239 9621      	ADIW R28,1
00023a 9508      	RET
                 ; .FEND
                 
                 	.ESEG
                 _inputLength:
000000 00
000001 00        	.DB  0x0,0x0
                 _lockSemaphore:
000002 00
000003 00        	.DB  0x0,0x0
                 _lock:
000004           	.BYTE 0x32
                 _checkLock:
000036           	.BYTE 0x32
                 _checkLength:
000068 00
000069 00        	.DB  0x0,0x0
                 
                 	.DSEG
                 __base_y_G100:
000160           	.BYTE 0x4
                 
                 	.CSEG
                 ;OPTIMIZER ADDED SUBROUTINE, CALLED 4 TIMES, CODE SIZE REDUCTION:3 WORDS
                 SUBOPT_0x0:
00023b e6a8      	LDI  R26,LOW(_checkLength)
00023c e0b0      	LDI  R27,HIGH(_checkLength)
00023d 940e 0273 	CALL __EEPROMRDW
00023f 9508      	RET
                 
                 ;OPTIMIZER ADDED SUBROUTINE, CALLED 2 TIMES, CODE SIZE REDUCTION:1 WORDS
                 SUBOPT_0x1:
000240 eca8      	LDI  R26,LOW(200)
000241 e0b0      	LDI  R27,0
000242 940e 0269 	CALL _delay_ms
000244 cf9b      	RJMP _lcd_clear
                 
                 ;OPTIMIZER ADDED SUBROUTINE, CALLED 3 TIMES, CODE SIZE REDUCTION:1 WORDS
                 SUBOPT_0x2:
000245 e0a0      	LDI  R26,LOW(_inputLength)
000246 e0b0      	LDI  R27,HIGH(_inputLength)
000247 940e 0273 	CALL __EEPROMRDW
000249 9508      	RET
                 
                 ;OPTIMIZER ADDED SUBROUTINE, CALLED 3 TIMES, CODE SIZE REDUCTION:5 WORDS
                 SUBOPT_0x3:
00024a e6a8      	LDI  R26,LOW(_checkLength)
00024b e0b0      	LDI  R27,HIGH(_checkLength)
00024c e0e0      	LDI  R30,LOW(0)
00024d e0f0      	LDI  R31,HIGH(0)
00024e 940e 0283 	CALL __EEPROMWRW
000250 9508      	RET
                 
                 ;OPTIMIZER ADDED SUBROUTINE, CALLED 2 TIMES, CODE SIZE REDUCTION:8 WORDS
                 SUBOPT_0x4:
000251 bdec      	OUT  0x2C,R30
000252 e0e0      	LDI  R30,LOW(0)
000253 bde7      	OUT  0x27,R30
000254 bde6      	OUT  0x26,R30
000255 e5ea      	LDI  R30,LOW(90)
000256 bdeb      	OUT  0x2B,R30
000257 e8ed      	LDI  R30,LOW(141)
000258 bdea      	OUT  0x2A,R30
000259 e0e0      	LDI  R30,LOW(0)
00025a bde9      	OUT  0x29,R30
00025b bde8      	OUT  0x28,R30
00025c 9508      	RET
                 
                 ;OPTIMIZER ADDED SUBROUTINE, CALLED 2 TIMES, CODE SIZE REDUCTION:1 WORDS
                 SUBOPT_0x5:
00025d df69      	RCALL __lcd_write_data
00025e e0a3      	LDI  R26,LOW(3)
00025f e0b0      	LDI  R27,0
000260 940c 0269 	JMP  _delay_ms
                 
                 ;OPTIMIZER ADDED SUBROUTINE, CALLED 3 TIMES, CODE SIZE REDUCTION:7 WORDS
                 SUBOPT_0x6:
000262 e3a0      	LDI  R26,LOW(48)
000263 df4f      	RCALL __lcd_write_nibble_G100
                +
000264 e28c     +LDI R24 , LOW ( 300 )
000265 e091     +LDI R25 , HIGH ( 300 )
                +__DELAY_USW_LOOP :
000266 9701     +SBIW R24 , 1
000267 f7f1     +BRNE __DELAY_USW_LOOP
                 	__DELAY_USW 300
000268 9508      	RET
                 
                 
                 	.CSEG
                 _delay_ms:
000269 9610      	adiw r26,0
00026a f039      	breq __delay_ms1
                 __delay_ms0:
00026b 95a8      	wdr
                +
00026c eb88     +LDI R24 , LOW ( 0xBB8 )
00026d e09b     +LDI R25 , HIGH ( 0xBB8 )
                +__DELAY_USW_LOOP :
00026e 9701     +SBIW R24 , 1
00026f f7f1     +BRNE __DELAY_USW_LOOP
                 	__DELAY_USW 0xBB8
000270 9711      	sbiw r26,1
000271 f7c9      	brne __delay_ms0
                 __delay_ms1:
000272 9508      	ret
                 
                 __EEPROMRDW:
000273 9611      	ADIW R26,1
000274 d002      	RCALL __EEPROMRDB
000275 2ffe      	MOV  R31,R30
000276 9711      	SBIW R26,1
                 
                 __EEPROMRDB:
000277 99e1      	SBIC EECR,EEWE
000278 cffe      	RJMP __EEPROMRDB
000279 93ff      	PUSH R31
00027a b7ff      	IN   R31,SREG
00027b 94f8      	CLI
00027c bbae      	OUT  EEARL,R26
00027d bbbf      	OUT  EEARH,R27
00027e 9ae0      	SBI  EECR,EERE
00027f b3ed      	IN   R30,EEDR
000280 bfff      	OUT  SREG,R31
000281 91ff      	POP  R31
000282 9508      	RET
                 
                 __EEPROMWRW:
000283 d007      	RCALL __EEPROMWRB
000284 9611      	ADIW R26,1
000285 93ef      	PUSH R30
000286 2fef      	MOV  R30,R31
000287 d003      	RCALL __EEPROMWRB
000288 91ef      	POP  R30
000289 9711      	SBIW R26,1
00028a 9508      	RET
                 
                 __EEPROMWRB:
00028b 9be1      	SBIS EECR,EEWE
00028c c002      	RJMP __EEPROMWRB1
00028d 95a8      	WDR
00028e cffc      	RJMP __EEPROMWRB
                 __EEPROMWRB1:
00028f b79f      	IN   R25,SREG
000290 94f8      	CLI
000291 bbae      	OUT  EEARL,R26
000292 bbbf      	OUT  EEARH,R27
000293 9ae0      	SBI  EECR,EERE
000294 b38d      	IN   R24,EEDR
000295 17e8      	CP   R30,R24
000296 f019      	BREQ __EEPROMWRB0
000297 bbed      	OUT  EEDR,R30
000298 9ae2      	SBI  EECR,EEMWE
000299 9ae1      	SBI  EECR,EEWE
                 __EEPROMWRB0:
00029a bf9f      	OUT  SREG,R25
00029b 9508      	RET
                 
                 __INITLOCB:
                 __INITLOCW:
00029c 0fac      	ADD  R26,R28
00029d 1fbd      	ADC  R27,R29
                 __INITLOC0:
00029e 9005      	LPM  R0,Z+
00029f 920d      	ST   X+,R0
0002a0 958a      	DEC  R24
0002a1 f7e1      	BRNE __INITLOC0
0002a2 9508      	RET
                 
                 ;END OF CODE MARKER
                 __END_OF_CODE:


RESOURCE USE INFORMATION
------------------------

Notice:
The register and instruction counts are symbol table hit counts,
and hence implicitly used resources are not counted, eg, the
'lpm' instruction without operands implicitly uses r0 and z,
none of which are counted.

x,y,z are separate entities in the symbol table and are
counted separately from r26..r31 here.

.dseg memory usage only counts static data declared with .byte

ATmega16A register use summary:
r0 :  12 r1 :   4 r2 :   0 r3 :   0 r4 :   4 r5 :   4 r6 :   0 r7 :   2 
r8 :   0 r9 :   0 r10:   0 r11:   0 r12:   0 r13:   0 r14:   0 r15:   2 
r16:   0 r17:  23 r18:   0 r19:   0 r20:   0 r21:   0 r22:   6 r23:   2 
r24:  30 r25:  11 r26:  70 r27:  27 r28:   9 r29:   2 r30: 144 r31:  26 
x  :   5 y  :  71 z  :   9 
Registers used: 20 out of 35 (57.1%)

ATmega16A instruction use summary:
.lds  :   0 .lds.l:   0 .sts  :   0 .sts.l:   0 adc   :   1 add   :   2 
adiw  :   9 and   :   0 andi  :   4 asr   :   0 bclr  :   0 bld   :   0 
brbc  :   0 brbs  :   0 brcc  :   0 brcs  :   0 break :   0 breq  :   6 
brge  :   0 brhc  :   0 brhs  :   0 brid  :   0 brie  :   0 brlo  :   1 
brlt  :   0 brmi  :   0 brne  :  16 brpl  :   0 brsh  :   0 brtc  :   0 
brts  :   0 brvc  :   0 brvs  :   0 bset  :   0 bst   :   0 call  :  19 
cbi   :   6 cbr   :   0 clc   :   0 clh   :   0 cli   :   3 cln   :   0 
clr   :   2 cls   :   0 clt   :   0 clv   :   0 clz   :   0 com   :   0 
cp    :   4 cpc   :   2 cpi   :   4 cpse  :   0 dec   :   6 des   :   0 
eor   :   0 fmul  :   0 fmuls :   0 fmulsu:   0 icall :   0 ijmp  :   0 
in    :  11 inc   :   2 jmp   :  23 ld    :  33 ldd   :   7 ldi   : 107 
lds   :   0 lpm   :   8 lsl   :   0 lsr   :   0 mov   :  14 movw  :  10 
mul   :   0 muls  :   0 mulsu :   0 neg   :   0 nop   :   0 or    :   1 
ori   :   2 out   :  47 pop   :   2 push  :   2 rcall :  43 ret   :  15 
reti  :   2 rjmp  :  78 rol   :   0 ror   :   0 sbc   :   0 sbci  :   5 
sbi   :  12 sbic  :  26 sbis  :  19 sbiw  :  12 sbr   :   0 sbrc  :   0 
sbrs  :   0 sec   :   0 seh   :   0 sei   :   1 sen   :   0 ser   :   0 
ses   :   0 set   :   0 sev   :   0 sez   :   0 sleep :   0 spm   :   0 
st    :  35 std   :   2 sts   :   2 sub   :   0 subi  :   7 swap  :   1 
tst   :   0 wdr   :   2 
Instructions used: 45 out of 116 (38.8%)

ATmega16A memory use summary [bytes]:
Segment   Begin    End      Code   Data   Used    Size   Use%
---------------------------------------------------------------
[.cseg] 0x000000 0x000546   1320     30   1350   16384   8.2%
[.dseg] 0x000060 0x000164      0      4      4    1024   0.4%
[.eseg] 0x000000 0x00006a      0    106    106     512  20.7%

Assembly complete, 0 errors, 3 warnings
